#
# There is insufficient memory for the Java Runtime Environment to continue.
# Native memory allocation (mmap) failed to map 38273024 bytes for committing reserved memory.
# Possible reasons:
#   The system is out of physical RAM or swap space
#   In 32 bit mode, the process size limit was hit
# Possible solutions:
#   Reduce memory load on the system
#   Increase physical memory or swap space
#   Check if swap backing store is full
#   Use 64 bit Java on a 64 bit OS
#   Decrease Java heap size (-Xmx/-Xms)
#   Decrease number of Java threads
#   Decrease Java thread stack sizes (-Xss)
#   Set larger code cache with -XX:ReservedCodeCacheSize=
# This output file may be truncated or incomplete.
#
#  Out of Memory Error (os_linux.cpp:2630), pid=4409, tid=0x00007f1d48efe700
#
# JRE version: OpenJDK Runtime Environment (8.0_121-b13) (build 1.8.0_121-8u121-b13-0ubuntu1.16.04.2-b13)
# Java VM: OpenJDK 64-Bit Server VM (25.121-b13 mixed mode linux-amd64 compressed oops)
# Failed to write core dump. Core dumps have been disabled. To enable core dumping, try "ulimit -c unlimited" before starting Java again
#

---------------  T H R E A D  ---------------

Current thread (0x00007f1d58079800):  VMThread [stack: 0x00007f1d48dfe000,0x00007f1d48eff000] [id=4417]

Stack: [0x00007f1d48dfe000,0x00007f1d48eff000],  sp=0x00007f1d48efd4c0,  free space=1021k
Native frames: (J=compiled Java code, j=interpreted, Vv=VM code, C=native code)
V  [libjvm.so+0xa6647b]
V  [libjvm.so+0x4c32dc]
V  [libjvm.so+0x8b4b60]
V  [libjvm.so+0x8aefde]
V  [libjvm.so+0x929a16]
V  [libjvm.so+0x92ad43]
V  [libjvm.so+0x9273f3]
V  [libjvm.so+0x9276bc]
V  [libjvm.so+0x8d9553]
V  [libjvm.so+0xa68132]
V  [libjvm.so+0xa6d217]
V  [libjvm.so+0xa6a9e7]
V  [libjvm.so+0xa6be6f]
V  [libjvm.so+0xa6c361]
V  [libjvm.so+0x8b2042]

VM_Operation (0x00007f1d61453460): ParallelGCFailedAllocation, mode: safepoint, requested by thread 0x00007f1d58010000


---------------  P R O C E S S  ---------------

Java Threads: ( => current thread )
  0x00007f1d58a9a000 JavaThread "Tomcat JDBC Pool Cleaner[1028566121:1487013865253]" daemon [_thread_blocked, id=4464, stack(0x00007f1d0bcff000,0x00007f1d0be00000)]
  0x00007f1d58a5d000 JavaThread "container-0" [_thread_blocked, id=4462, stack(0x00007f1d400da000,0x00007f1d401db000)]
  0x00007f1d58a5b000 JavaThread "ContainerBackgroundProcessor[StandardEngine[Tomcat]]" daemon [_thread_blocked, id=4461, stack(0x00007f1d401db000,0x00007f1d402dc000)]
  0x00007f1d141e5000 JavaThread "localhost-startStop-1" daemon [_thread_blocked, id=4458, stack(0x00007f1d402dc000,0x00007f1d403dd000)]
  0x00007f1d58a5a000 JavaThread "Tomcat-startStop-1" daemon [_thread_blocked, id=4457, stack(0x00007f1d4201f000,0x00007f1d42120000)]
  0x00007f1d580b4800 JavaThread "Service Thread" daemon [_thread_blocked, id=4423, stack(0x00007f1d48660000,0x00007f1d48761000)]
  0x00007f1d580b1800 JavaThread "C1 CompilerThread1" daemon [_thread_blocked, id=4422, stack(0x00007f1d48761000,0x00007f1d48862000)]
  0x00007f1d580af000 JavaThread "C2 CompilerThread0" daemon [_thread_in_native, id=4421, stack(0x00007f1d48862000,0x00007f1d48963000)]
  0x00007f1d580ac800 JavaThread "Signal Dispatcher" daemon [_thread_blocked, id=4420, stack(0x00007f1d48963000,0x00007f1d48a64000)]
  0x00007f1d58085800 JavaThread "Finalizer" daemon [_thread_blocked, id=4419, stack(0x00007f1d48bfc000,0x00007f1d48cfd000)]
  0x00007f1d58081000 JavaThread "Reference Handler" daemon [_thread_blocked, id=4418, stack(0x00007f1d48cfd000,0x00007f1d48dfe000)]
  0x00007f1d58010000 JavaThread "main" [_thread_blocked, id=4414, stack(0x00007f1d61356000,0x00007f1d61457000)]

Other Threads:
=>0x00007f1d58079800 VMThread [stack: 0x00007f1d48dfe000,0x00007f1d48eff000] [id=4417]
  0x00007f1d580bb800 WatcherThread [stack: 0x00007f1d4855f000,0x00007f1d48660000] [id=4424]

VM state:at safepoint (normal execution)

VM Mutex/Monitor currently owned by a thread:  ([mutex/lock_event])
[0x00007f1d5800c560] Threads_lock - owner thread: 0x00007f1d58079800
[0x00007f1d5800ca60] Heap_lock - owner thread: 0x00007f1d58010000

Heap:
 PSYoungGen      total 141824K, used 10484K [0x00000000eb700000, 0x00000000f5080000, 0x0000000100000000)
  eden space 128000K, 0% used [0x00000000eb700000,0x00000000eb700000,0x00000000f3400000)
  from space 13824K, 75% used [0x00000000f3400000,0x00000000f3e3d080,0x00000000f4180000)
  to   space 12288K, 0% used [0x00000000f4180000,0x00000000f4180000,0x00000000f4d80000)
 ParOldGen       total 60416K, used 21278K [0x00000000c2400000, 0x00000000c5f00000, 0x00000000eb700000)
  object space 60416K, 35% used [0x00000000c2400000,0x00000000c38c7838,0x00000000c5f00000)
 Metaspace       used 47783K, capacity 48162K, committed 48640K, reserved 1091584K
  class space    used 6031K, capacity 6131K, committed 6144K, reserved 1048576K

Card table byte_map: [0x00007f1d5d821000,0x00007f1d5da10000] byte_map_base: 0x00007f1d5d20f000

Marking Bits: (ParMarkBitMap*) 0x00007f1d60620220
 Begin Bits: [0x00007f1d42120000, 0x00007f1d43090000)
 End Bits:   [0x00007f1d43090000, 0x00007f1d44000000)

Polling page: 0x00007f1d61472000

CodeCache: size=245760Kb used=11694Kb max_used=11745Kb free=234065Kb
 bounds [0x00007f1d49000000, 0x00007f1d49b90000, 0x00007f1d58000000]
 total_blobs=4101 nmethods=3610 adapters=404
 compilation: enabled

Compilation events (10 events):
Event: 14.260 Thread 0x00007f1d580b1800 4082       2       org.springframework.beans.CachedIntrospectionResults::getPropertyDescriptors (84 bytes)
Event: 14.261 Thread 0x00007f1d580b1800 nmethod 4082 0x00007f1d49928690 code [0x00007f1d49928880, 0x00007f1d49928d58]
Event: 14.261 Thread 0x00007f1d580b1800 4083       2       org.springframework.beans.AbstractNestablePropertyAccessor::getPropertyAccessorForPropertyPath (43 bytes)
Event: 14.262 Thread 0x00007f1d580b1800 nmethod 4083 0x00007f1d49540e10 code [0x00007f1d49540fa0, 0x00007f1d495411e8]
Event: 14.262 Thread 0x00007f1d580b1800 4084       2       org.springframework.beans.AbstractNestablePropertyAccessor::getFinalPath (18 bytes)
Event: 14.262 Thread 0x00007f1d580b1800 nmethod 4084 0x00007f1d49928250 code [0x00007f1d499283c0, 0x00007f1d49928578]
Event: 14.262 Thread 0x00007f1d580b1800 4085       2       org.springframework.beans.BeanWrapperImpl::getLocalPropertyHandler (6 bytes)
Event: 14.262 Thread 0x00007f1d580b1800 nmethod 4085 0x00007f1d49649bd0 code [0x00007f1d49649d60, 0x00007f1d49649fa8]
Event: 14.262 Thread 0x00007f1d580b1800 4086       1       org.springframework.core.convert.Property::getMethodParameter (5 bytes)
Event: 14.262 Thread 0x00007f1d580b1800 nmethod 4086 0x00007f1d493f6250 code [0x00007f1d493f63a0, 0x00007f1d493f64b0]

GC Heap History (10 events):
Event: 8.141 GC heap after
Heap after GC invocations=12 (full 1):
 PSYoungGen      total 87040K, used 6642K [0x00000000eb700000, 0x00000000f2980000, 0x0000000100000000)
  eden space 80384K, 0% used [0x00000000eb700000,0x00000000eb700000,0x00000000f0580000)
  from space 6656K, 99% used [0x00000000f0580000,0x00000000f0bfcb10,0x00000000f0c00000)
  to   space 8192K, 0% used [0x00000000f2180000,0x00000000f2180000,0x00000000f2980000)
 ParOldGen       total 36864K, used 12363K [0x00000000c2400000, 0x00000000c4800000, 0x00000000eb700000)
  object space 36864K, 33% used [0x00000000c2400000,0x00000000c3012cc0,0x00000000c4800000)
 Metaspace       used 28742K, capacity 29036K, committed 29440K, reserved 1075200K
  class space    used 3490K, capacity 3578K, committed 3584K, reserved 1048576K
}
Event: 9.053 GC heap before
{Heap before GC invocations=13 (full 1):
 PSYoungGen      total 87040K, used 87026K [0x00000000eb700000, 0x00000000f2980000, 0x0000000100000000)
  eden space 80384K, 100% used [0x00000000eb700000,0x00000000f0580000,0x00000000f0580000)
  from space 6656K, 99% used [0x00000000f0580000,0x00000000f0bfcb10,0x00000000f0c00000)
  to   space 8192K, 0% used [0x00000000f2180000,0x00000000f2180000,0x00000000f2980000)
 ParOldGen       total 36864K, used 12363K [0x00000000c2400000, 0x00000000c4800000, 0x00000000eb700000)
  object space 36864K, 33% used [0x00000000c2400000,0x00000000c3012cc0,0x00000000c4800000)
 Metaspace       used 30001K, capacity 30290K, committed 30720K, reserved 1077248K
  class space    used 3640K, capacity 3739K, committed 3840K, reserved 1048576K
Event: 9.080 GC heap after
Heap after GC invocations=13 (full 1):
 PSYoungGen      total 107520K, used 8181K [0x00000000eb700000, 0x00000000f2d00000, 0x0000000100000000)
  eden space 99328K, 0% used [0x00000000eb700000,0x00000000eb700000,0x00000000f1800000)
  from space 8192K, 99% used [0x00000000f2180000,0x00000000f297d710,0x00000000f2980000)
  to   space 9728K, 0% used [0x00000000f1800000,0x00000000f1800000,0x00000000f2180000)
 ParOldGen       total 36864K, used 13901K [0x00000000c2400000, 0x00000000c4800000, 0x00000000eb700000)
  object space 36864K, 37% used [0x00000000c2400000,0x00000000c31934b0,0x00000000c4800000)
 Metaspace       used 30001K, capacity 30290K, committed 30720K, reserved 1077248K
  class space    used 3640K, capacity 3739K, committed 3840K, reserved 1048576K
}
Event: 9.840 GC heap before
{Heap before GC invocations=14 (full 1):
 PSYoungGen      total 107520K, used 60319K [0x00000000eb700000, 0x00000000f2d00000, 0x0000000100000000)
  eden space 99328K, 52% used [0x00000000eb700000,0x00000000ee9ea6e0,0x00000000f1800000)
  from space 8192K, 99% used [0x00000000f2180000,0x00000000f297d710,0x00000000f2980000)
  to   space 9728K, 0% used [0x00000000f1800000,0x00000000f1800000,0x00000000f2180000)
 ParOldGen       total 36864K, used 13901K [0x00000000c2400000, 0x00000000c4800000, 0x00000000eb700000)
  object space 36864K, 37% used [0x00000000c2400000,0x00000000c31934b0,0x00000000c4800000)
 Metaspace       used 34847K, capacity 35216K, committed 35496K, reserved 1081344K
  class space    used 4252K, capacity 4352K, committed 4352K, reserved 1048576K
Event: 9.887 GC heap after
Heap after GC invocations=14 (full 1):
 PSYoungGen      total 109056K, used 9699K [0x00000000eb700000, 0x00000000f4d80000, 0x0000000100000000)
  eden space 99328K, 0% used [0x00000000eb700000,0x00000000eb700000,0x00000000f1800000)
  from space 9728K, 99% used [0x00000000f1800000,0x00000000f2178da8,0x00000000f2180000)
  to   space 12288K, 0% used [0x00000000f4180000,0x00000000f4180000,0x00000000f4d80000)
 ParOldGen       total 36864K, used 17087K [0x00000000c2400000, 0x00000000c4800000, 0x00000000eb700000)
  object space 36864K, 46% used [0x00000000c2400000,0x00000000c34aff58,0x00000000c4800000)
 Metaspace       used 34847K, capacity 35216K, committed 35496K, reserved 1081344K
  class space    used 4252K, capacity 4352K, committed 4352K, reserved 1048576K
}
Event: 9.887 GC heap before
{Heap before GC invocations=15 (full 2):
 PSYoungGen      total 109056K, used 9699K [0x00000000eb700000, 0x00000000f4d80000, 0x0000000100000000)
  eden space 99328K, 0% used [0x00000000eb700000,0x00000000eb700000,0x00000000f1800000)
  from space 9728K, 99% used [0x00000000f1800000,0x00000000f2178da8,0x00000000f2180000)
  to   space 12288K, 0% used [0x00000000f4180000,0x00000000f4180000,0x00000000f4d80000)
 ParOldGen       total 36864K, used 17087K [0x00000000c2400000, 0x00000000c4800000, 0x00000000eb700000)
  object space 36864K, 46% used [0x00000000c2400000,0x00000000c34aff58,0x00000000c4800000)
 Metaspace       used 34847K, capacity 35216K, committed 35496K, reserved 1081344K
  class space    used 4252K, capacity 4352K, committed 4352K, reserved 1048576K
Event: 10.025 GC heap after
Heap after GC invocations=15 (full 2):
 PSYoungGen      total 109056K, used 0K [0x00000000eb700000, 0x00000000f4d80000, 0x0000000100000000)
  eden space 99328K, 0% used [0x00000000eb700000,0x00000000eb700000,0x00000000f1800000)
  from space 9728K, 0% used [0x00000000f1800000,0x00000000f1800000,0x00000000f2180000)
  to   space 12288K, 0% used [0x00000000f4180000,0x00000000f4180000,0x00000000f4d80000)
 ParOldGen       total 60416K, used 21262K [0x00000000c2400000, 0x00000000c5f00000, 0x00000000eb700000)
  object space 60416K, 35% used [0x00000000c2400000,0x00000000c38c3838,0x00000000c5f00000)
 Metaspace       used 34847K, capacity 35216K, committed 35496K, reserved 1081344K
  class space    used 4252K, capacity 4352K, committed 4352K, reserved 1048576K
}
Event: 12.262 GC heap before
{Heap before GC invocations=16 (full 2):
 PSYoungGen      total 109056K, used 99328K [0x00000000eb700000, 0x00000000f4d80000, 0x0000000100000000)
  eden space 99328K, 100% used [0x00000000eb700000,0x00000000f1800000,0x00000000f1800000)
  from space 9728K, 0% used [0x00000000f1800000,0x00000000f1800000,0x00000000f2180000)
  to   space 12288K, 0% used [0x00000000f4180000,0x00000000f4180000,0x00000000f4d80000)
 ParOldGen       total 60416K, used 21262K [0x00000000c2400000, 0x00000000c5f00000, 0x00000000eb700000)
  object space 60416K, 35% used [0x00000000c2400000,0x00000000c38c3838,0x00000000c5f00000)
 Metaspace       used 45355K, capacity 45698K, committed 46080K, reserved 1089536K
  class space    used 5710K, capacity 5795K, committed 5888K, reserved 1048576K
Event: 12.301 GC heap after
Heap after GC invocations=16 (full 2):
 PSYoungGen      total 140288K, used 12002K [0x00000000eb700000, 0x00000000f5080000, 0x0000000100000000)
  eden space 128000K, 0% used [0x00000000eb700000,0x00000000eb700000,0x00000000f3400000)
  from space 12288K, 97% used [0x00000000f4180000,0x00000000f4d38af0,0x00000000f4d80000)
  to   space 13824K, 0% used [0x00000000f3400000,0x00000000f3400000,0x00000000f4180000)
 ParOldGen       total 60416K, used 21270K [0x00000000c2400000, 0x00000000c5f00000, 0x00000000eb700000)
  object space 60416K, 35% used [0x00000000c2400000,0x00000000c38c5838,0x00000000c5f00000)
 Metaspace       used 45355K, capacity 45698K, committed 46080K, reserved 1089536K
  class space    used 5710K, capacity 5795K, committed 5888K, reserved 1048576K
}
Event: 14.264 GC heap before
{Heap before GC invocations=17 (full 2):
 PSYoungGen      total 140288K, used 140002K [0x00000000eb700000, 0x00000000f5080000, 0x0000000100000000)
  eden space 128000K, 100% used [0x00000000eb700000,0x00000000f3400000,0x00000000f3400000)
  from space 12288K, 97% used [0x00000000f4180000,0x00000000f4d38af0,0x00000000f4d80000)
  to   space 13824K, 0% used [0x00000000f3400000,0x00000000f3400000,0x00000000f4180000)
 ParOldGen       total 60416K, used 21270K [0x00000000c2400000, 0x00000000c5f00000, 0x00000000eb700000)
  object space 60416K, 35% used [0x00000000c2400000,0x00000000c38c5838,0x00000000c5f00000)
 Metaspace       used 47783K, capacity 48162K, committed 48640K, reserved 1091584K
  class space    used 6031K, capacity 6131K, committed 6144K, reserved 1048576K

Deoptimization events (10 events):
Event: 12.485 Thread 0x00007f1d58010000 Uncommon trap: reason=class_check action=maybe_recompile pc=0x00007f1d49852edc method=java.lang.reflect.Array.newInstance(Ljava/lang/Class;I)Ljava/lang/Object; @ 2
Event: 12.485 Thread 0x00007f1d58010000 Uncommon trap: reason=class_check action=maybe_recompile pc=0x00007f1d49852edc method=java.lang.reflect.Array.newInstance(Ljava/lang/Class;I)Ljava/lang/Object; @ 2
Event: 12.485 Thread 0x00007f1d58010000 Uncommon trap: reason=class_check action=maybe_recompile pc=0x00007f1d49852edc method=java.lang.reflect.Array.newInstance(Ljava/lang/Class;I)Ljava/lang/Object; @ 2
Event: 12.485 Thread 0x00007f1d58010000 Uncommon trap: reason=class_check action=maybe_recompile pc=0x00007f1d49852edc method=java.lang.reflect.Array.newInstance(Ljava/lang/Class;I)Ljava/lang/Object; @ 2
Event: 12.490 Thread 0x00007f1d58010000 Uncommon trap: reason=unstable_if action=reinterpret pc=0x00007f1d497836e4 method=java.util.concurrent.ConcurrentHashMap.putVal(Ljava/lang/Object;Ljava/lang/Object;Z)Ljava/lang/Object; @ 331
Event: 12.491 Thread 0x00007f1d58010000 Uncommon trap: reason=unstable_if action=reinterpret pc=0x00007f1d491603c0 method=java.util.concurrent.ConcurrentHashMap.get(Ljava/lang/Object;)Ljava/lang/Object; @ 86
Event: 12.512 Thread 0x00007f1d58010000 Uncommon trap: reason=unstable_if action=reinterpret pc=0x00007f1d49447ea0 method=java.util.concurrent.ConcurrentHashMap.transfer([Ljava/util/concurrent/ConcurrentHashMap$Node;[Ljava/util/concurrent/ConcurrentHashMap$Node;)V @ 356
Event: 14.186 Thread 0x00007f1d58010000 Uncommon trap: reason=class_check action=maybe_recompile pc=0x00007f1d491e14a4 method=java.lang.String.equals(Ljava/lang/Object;)Z @ 8
Event: 14.187 Thread 0x00007f1d58010000 Uncommon trap: reason=class_check action=maybe_recompile pc=0x00007f1d491e14a4 method=java.lang.String.equals(Ljava/lang/Object;)Z @ 8
Event: 14.187 Thread 0x00007f1d58010000 Uncommon trap: reason=class_check action=maybe_recompile pc=0x00007f1d491e14a4 method=java.lang.String.equals(Ljava/lang/Object;)Z @ 8

Internal exceptions (10 events):
Event: 14.238 Thread 0x00007f1d58010000 Exception <a 'java/lang/ClassNotFoundException': org/springframework/cloud/context/scope/refresh/RefreshScopeCustomizer> (0x00000000f32ba4f8) thrown at [/build/openjdk-8-YiEakL/openjdk-8-8u121-b13/src/hotspot/src/share/vm/classfile/systemDictionary.cpp, l
Event: 14.239 Thread 0x00007f1d58010000 Exception <a 'java/lang/ClassNotFoundException': org/springframework/context/ApplicationContextAwareCustomizer> (0x00000000f32e7d98) thrown at [/build/openjdk-8-YiEakL/openjdk-8-8u121-b13/src/hotspot/src/share/vm/classfile/systemDictionary.cpp, line 210]
Event: 14.239 Thread 0x00007f1d58010000 Exception <a 'java/lang/ClassNotFoundException': org/springframework/beans/factory/support/BeanDefinitionRegistryPostProcessorCustomizer> (0x00000000f3307d58) thrown at [/build/openjdk-8-YiEakL/openjdk-8-8u121-b13/src/hotspot/src/share/vm/classfile/system
Event: 14.239 Thread 0x00007f1d58010000 Exception <a 'java/lang/ClassNotFoundException': org/springframework/core/OrderedCustomizer> (0x00000000f331aa40) thrown at [/build/openjdk-8-YiEakL/openjdk-8-8u121-b13/src/hotspot/src/share/vm/classfile/systemDictionary.cpp, line 210]
Event: 14.239 Thread 0x00007f1d58010000 Exception <a 'java/lang/ClassNotFoundException': org/springframework/beans/factory/config/ScopeCustomizer> (0x00000000f33318d8) thrown at [/build/openjdk-8-YiEakL/openjdk-8-8u121-b13/src/hotspot/src/share/vm/classfile/systemDictionary.cpp, line 210]
Event: 14.240 Thread 0x00007f1d58010000 Exception <a 'java/lang/ClassNotFoundException': org/springframework/beans/factory/config/BeanFactoryPostProcessorCustomizer> (0x00000000f33515f0) thrown at [/build/openjdk-8-YiEakL/openjdk-8-8u121-b13/src/hotspot/src/share/vm/classfile/systemDictionary.c
Event: 14.240 Thread 0x00007f1d58010000 Exception <a 'java/lang/ClassNotFoundException': org/springframework/beans/factory/DisposableBeanCustomizer> (0x00000000f33687b0) thrown at [/build/openjdk-8-YiEakL/openjdk-8-8u121-b13/src/hotspot/src/share/vm/classfile/systemDictionary.cpp, line 210]
Event: 14.263 Thread 0x00007f1d58010000 Exception <a 'java/lang/ClassNotFoundException': java/lang/ObjectCustomizer> (0x00000000f33a8d90) thrown at [/build/openjdk-8-YiEakL/openjdk-8-8u121-b13/src/hotspot/src/share/vm/classfile/systemDictionary.cpp, line 210]
Event: 14.263 Thread 0x00007f1d58010000 Exception <a 'java/lang/ClassNotFoundException': org/springframework/cloud/context/scope/GenericScopeCustomizer> (0x00000000f33c42c0) thrown at [/build/openjdk-8-YiEakL/openjdk-8-8u121-b13/src/hotspot/src/share/vm/classfile/systemDictionary.cpp, line 210]
Event: 14.264 Thread 0x00007f1d58010000 Exception <a 'java/lang/ClassNotFoundException': org/springframework/beans/factory/config/ScopeCustomizer> (0x00000000f33eaa08) thrown at [/build/openjdk-8-YiEakL/openjdk-8-8u121-b13/src/hotspot/src/share/vm/classfile/systemDictionary.cpp, line 210]

Events (10 events):
Event: 14.263 loading class org/springframework/beans/factory/config/ScopeCustomizer done
Event: 14.263 loading class org/springframework/beans/factory/config/ScopeCustomizer
Event: 14.263 loading class org/springframework/beans/factory/config/ScopeCustomizer done
Event: 14.264 loading class org/springframework/beans/factory/config/ScopeCustomizer
Event: 14.264 loading class org/springframework/beans/factory/config/ScopeCustomizer done
Event: 14.264 loading class org/springframework/beans/factory/config/BeanFactoryPostProcessorCustomizer
Event: 14.264 loading class org/springframework/beans/factory/config/BeanFactoryPostProcessorCustomizer done
Event: 14.264 loading class org/springframework/beans/factory/config/BeanFactoryPostProcessorCustomizer
Event: 14.264 loading class org/springframework/beans/factory/config/BeanFactoryPostProcessorCustomizer done
Event: 14.264 Executing VM operation: ParallelGCFailedAllocation


Dynamic libraries:
00400000-00401000 r-xp 00000000 ca:01 193489                             /usr/lib/jvm/java-8-openjdk-amd64/jre/bin/java
00600000-00601000 r--p 00000000 ca:01 193489                             /usr/lib/jvm/java-8-openjdk-amd64/jre/bin/java
00601000-00602000 rw-p 00001000 ca:01 193489                             /usr/lib/jvm/java-8-openjdk-amd64/jre/bin/java
009a7000-009c8000 rw-p 00000000 00:00 0                                  [heap]
c2400000-c5f00000 rw-p 00000000 00:00 0 
c5f00000-eb700000 ---p 00000000 00:00 0 
eb700000-f5080000 rw-p 00000000 00:00 0 
f7500000-100000000 ---p 00000000 00:00 0 
100000000-100600000 rw-p 00000000 00:00 0 
100600000-140000000 ---p 00000000 00:00 0 
7f1d0ac48000-7f1d0adc8000 rw-p 00000000 00:00 0 
7f1d0adc8000-7f1d0ae48000 ---p 00000000 00:00 0 
7f1d0ae48000-7f1d0b048000 rw-p 00000000 00:00 0 
7f1d0b048000-7f1d0b248000 rw-p 00000000 00:00 0 
7f1d0b248000-7f1d0b448000 rw-p 00000000 00:00 0 
7f1d0b5fe000-7f1d0b601000 ---p 00000000 00:00 0 
7f1d0b601000-7f1d0b8ff000 rw-p 00000000 00:00 0 
7f1d0b8ff000-7f1d0baff000 rw-p 00000000 00:00 0 
7f1d0baff000-7f1d0bcff000 rw-p 00000000 00:00 0 
7f1d0bcff000-7f1d0bd02000 ---p 00000000 00:00 0 
7f1d0bd02000-7f1d0c000000 rw-p 00000000 00:00 0 
7f1d0c000000-7f1d0c021000 rw-p 00000000 00:00 0 
7f1d0c021000-7f1d10000000 ---p 00000000 00:00 0 
7f1d10000000-7f1d10021000 rw-p 00000000 00:00 0 
7f1d10021000-7f1d14000000 ---p 00000000 00:00 0 
7f1d14000000-7f1d14288000 rw-p 00000000 00:00 0 
7f1d14288000-7f1d18000000 ---p 00000000 00:00 0 
7f1d18000000-7f1d1804f000 rw-p 00000000 00:00 0 
7f1d1804f000-7f1d1c000000 ---p 00000000 00:00 0 
7f1d1c000000-7f1d1c021000 rw-p 00000000 00:00 0 
7f1d1c021000-7f1d20000000 ---p 00000000 00:00 0 
7f1d20000000-7f1d20021000 rw-p 00000000 00:00 0 
7f1d20021000-7f1d24000000 ---p 00000000 00:00 0 
7f1d24000000-7f1d25ab8000 rw-p 00000000 00:00 0 
7f1d25ab8000-7f1d28000000 ---p 00000000 00:00 0 
7f1d28000000-7f1d28f3d000 rw-p 00000000 00:00 0 
7f1d28f3d000-7f1d2c000000 ---p 00000000 00:00 0 
7f1d2c000000-7f1d2c021000 rw-p 00000000 00:00 0 
7f1d2c021000-7f1d30000000 ---p 00000000 00:00 0 
7f1d30000000-7f1d30021000 rw-p 00000000 00:00 0 
7f1d30021000-7f1d34000000 ---p 00000000 00:00 0 
7f1d34000000-7f1d34021000 rw-p 00000000 00:00 0 
7f1d34021000-7f1d38000000 ---p 00000000 00:00 0 
7f1d38000000-7f1d38021000 rw-p 00000000 00:00 0 
7f1d38021000-7f1d3c000000 ---p 00000000 00:00 0 
7f1d3c000000-7f1d3c02e000 rw-p 00000000 00:00 0 
7f1d3c02e000-7f1d40000000 ---p 00000000 00:00 0 
7f1d400da000-7f1d400dd000 ---p 00000000 00:00 0 
7f1d400dd000-7f1d401db000 rw-p 00000000 00:00 0 
7f1d401db000-7f1d401de000 ---p 00000000 00:00 0 
7f1d401de000-7f1d402dc000 rw-p 00000000 00:00 0 
7f1d402dc000-7f1d402df000 ---p 00000000 00:00 0 
7f1d402df000-7f1d405dd000 rw-p 00000000 00:00 0 
7f1d405dd000-7f1d407dd000 rw-p 00000000 00:00 0 
7f1d407dd000-7f1d409dd000 rw-p 00000000 00:00 0 
7f1d409dd000-7f1d40bdd000 rw-p 00000000 00:00 0 
7f1d40bdd000-7f1d40ddd000 rw-p 00000000 00:00 0 
7f1d40ddd000-7f1d40dee000 r-xp 00000000 ca:01 193442                     /usr/lib/jvm/java-8-openjdk-amd64/jre/lib/amd64/libnio.so
7f1d40dee000-7f1d40fee000 ---p 00011000 ca:01 193442                     /usr/lib/jvm/java-8-openjdk-amd64/jre/lib/amd64/libnio.so
7f1d40fee000-7f1d40fef000 r--p 00011000 ca:01 193442                     /usr/lib/jvm/java-8-openjdk-amd64/jre/lib/amd64/libnio.so
7f1d40fef000-7f1d40ff0000 rw-p 00012000 ca:01 193442                     /usr/lib/jvm/java-8-openjdk-amd64/jre/lib/amd64/libnio.so
7f1d40ff0000-7f1d411f0000 rw-p 00000000 00:00 0 
7f1d411f0000-7f1d413f0000 rw-p 00000000 00:00 0 
7f1d413f0000-7f1d415f0000 rw-p 00000000 00:00 0 
7f1d415f0000-7f1d417f0000 rw-p 00000000 00:00 0 
7f1d417f0000-7f1d417f9000 r-xp 00000000 ca:01 193449                     /usr/lib/jvm/java-8-openjdk-amd64/jre/lib/amd64/libmanagement.so
7f1d417f9000-7f1d419f8000 ---p 00009000 ca:01 193449                     /usr/lib/jvm/java-8-openjdk-amd64/jre/lib/amd64/libmanagement.so
7f1d419f8000-7f1d419f9000 r--p 00008000 ca:01 193449                     /usr/lib/jvm/java-8-openjdk-amd64/jre/lib/amd64/libmanagement.so
7f1d419f9000-7f1d419fa000 rw-p 00009000 ca:01 193449                     /usr/lib/jvm/java-8-openjdk-amd64/jre/lib/amd64/libmanagement.so
7f1d419fa000-7f1d41a11000 r-xp 00000000 ca:01 396869                     /lib/x86_64-linux-gnu/libresolv-2.23.so
7f1d41a11000-7f1d41c11000 ---p 00017000 ca:01 396869                     /lib/x86_64-linux-gnu/libresolv-2.23.so
7f1d41c11000-7f1d41c12000 r--p 00017000 ca:01 396869                     /lib/x86_64-linux-gnu/libresolv-2.23.so
7f1d41c12000-7f1d41c13000 rw-p 00018000 ca:01 396869                     /lib/x86_64-linux-gnu/libresolv-2.23.so
7f1d41c13000-7f1d41c15000 rw-p 00000000 00:00 0 
7f1d41c15000-7f1d41c1a000 r-xp 00000000 ca:01 396846                     /lib/x86_64-linux-gnu/libnss_dns-2.23.so
7f1d41c1a000-7f1d41e1a000 ---p 00005000 ca:01 396846                     /lib/x86_64-linux-gnu/libnss_dns-2.23.so
7f1d41e1a000-7f1d41e1b000 r--p 00005000 ca:01 396846                     /lib/x86_64-linux-gnu/libnss_dns-2.23.so
7f1d41e1b000-7f1d41e1c000 rw-p 00006000 ca:01 396846                     /lib/x86_64-linux-gnu/libnss_dns-2.23.so
7f1d41e1c000-7f1d41e1e000 r-xp 00000000 ca:01 434944                     /lib/x86_64-linux-gnu/libnss_mdns4_minimal.so.2
7f1d41e1e000-7f1d4201d000 ---p 00002000 ca:01 434944                     /lib/x86_64-linux-gnu/libnss_mdns4_minimal.so.2
7f1d4201d000-7f1d4201e000 r--p 00001000 ca:01 434944                     /lib/x86_64-linux-gnu/libnss_mdns4_minimal.so.2
7f1d4201e000-7f1d4201f000 rw-p 00002000 ca:01 434944                     /lib/x86_64-linux-gnu/libnss_mdns4_minimal.so.2
7f1d4201f000-7f1d42022000 ---p 00000000 00:00 0 
7f1d42022000-7f1d44000000 rw-p 00000000 00:00 0 
7f1d44000000-7f1d44021000 rw-p 00000000 00:00 0 
7f1d44021000-7f1d48000000 ---p 00000000 00:00 0 
7f1d48028000-7f1d4802c000 r--s 0009a000 ca:01 193480                     /usr/lib/jvm/java-8-openjdk-amd64/jre/lib/jsse.jar
7f1d4802c000-7f1d4803f000 r--s 00346000 ca:01 193460                     /usr/lib/jvm/java-8-openjdk-amd64/jre/lib/resources.jar
7f1d4803f000-7f1d48044000 r--s 002f9000 ca:01 193483                     /usr/lib/jvm/java-8-openjdk-amd64/jre/lib/charsets.jar
7f1d48044000-7f1d4805b000 r-xp 00000000 ca:01 193434                     /usr/lib/jvm/java-8-openjdk-amd64/jre/lib/amd64/libnet.so
7f1d4805b000-7f1d4825a000 ---p 00017000 ca:01 193434                     /usr/lib/jvm/java-8-openjdk-amd64/jre/lib/amd64/libnet.so
7f1d4825a000-7f1d4825b000 r--p 00016000 ca:01 193434                     /usr/lib/jvm/java-8-openjdk-amd64/jre/lib/amd64/libnet.so
7f1d4825b000-7f1d4825c000 rw-p 00017000 ca:01 193434                     /usr/lib/jvm/java-8-openjdk-amd64/jre/lib/amd64/libnet.so
7f1d4825c000-7f1d4825d000 r--s 0000c000 ca:01 35655                      /home/ubuntu/.gradle/caches/modules-2/files-2.1/org.ow2.asm/asm/5.0.3/dcc2193db20e19e1feca8b1240dbbc4e190824fa/asm-5.0.3.jar
7f1d4825d000-7f1d48268000 r--s 00069000 ca:01 73636                      /home/ubuntu/.gradle/caches/modules-2/files-2.1/ch.qos.logback/logback-core/1.1.9/e05d0cb67220937c32d7b4e5a47f967605376f63/logback-core-1.1.9.jar
7f1d48268000-7f1d482b2000 r--s 002f4000 ca:01 74183                      /home/ubuntu/.gradle/caches/modules-2/files-2.1/org.bouncycastle/bcprov-jdk15on/1.55/935f2e57a00ec2c489cbd2ad830d4a399708f979/bcprov-jdk15on-1.55.jar
7f1d482b2000-7f1d482b4000 r--s 00012000 ca:01 35652                      /home/ubuntu/.gradle/caches/modules-2/files-2.1/net.minidev/accessors-smart/1.1/a527213f2fea112a04c9bdf0ec0264e34104cd08/accessors-smart-1.1.jar
7f1d482b4000-7f1d482b6000 r--s 00009000 ca:01 73853                      /home/ubuntu/.gradle/caches/modules-2/files-2.1/org.apache.tomcat/tomcat-juli/8.5.11/fa0b261ce002175b65ebb6ae8eb4345cb7e57da3/tomcat-juli-8.5.11.jar
7f1d482b6000-7f1d482b8000 r--s 00004000 ca:01 73629                      /home/ubuntu/.gradle/caches/modules-2/files-2.1/org.slf4j/log4j-over-slf4j/1.7.22/a527c37e9ca6c3d19ba298edd4aa344ca751a203/log4j-over-slf4j-1.7.22.jar
7f1d482b8000-7f1d482ba000 r--s 00000000 ca:01 73627                      /home/ubuntu/.gradle/caches/modules-2/files-2.1/org.slf4j/jul-to-slf4j/1.7.22/b0429e950b3d2bc2c39c1bacafac753edbe3781c/jul-to-slf4j-1.7.22.jar
7f1d482ba000-7f1d482c0000 r--s 00045000 ca:01 73626                      /home/ubuntu/.gradle/caches/modules-2/files-2.1/ch.qos.logback/logback-classic/1.1.9/978cd9fbb43b7abed6379d7b02de052d216e30fc/logback-classic-1.1.9.jar
7f1d482c0000-7f1d482d1000 r--s 00096000 ca:01 74182                      /home/ubuntu/.gradle/caches/modules-2/files-2.1/org.bouncycastle/bcpkix-jdk15on/1.55/6392d8cba22b722c6570d660ca0b3921ff1bae4f/bcpkix-jdk15on-1.55.jar
7f1d482d1000-7f1d482d3000 r--s 0000c000 ca:01 74180                      /home/ubuntu/.gradle/caches/modules-2/files-2.1/org.springframework.security/spring-security-crypto/4.2.1.RELEASE/60eaefe859b051021f683533b2c06ff224214365/spring-security-crypto-4.2.1.RELEASE.jar
7f1d482d3000-7f1d482d4000 r--s 00004000 ca:01 73625                      /home/ubuntu/.gradle/caches/modules-2/files-2.1/com.vaadin.external.google/android-json/0.0.20131108.vaadin1/fa26d351fe62a6a17f5cda1287c1c6110dec413f/android-json-0.0.20131108.vaadin1.jar
7f1d482d4000-7f1d482d6000 r--s 00009000 ca:01 35645                      /home/ubuntu/.gradle/caches/modules-2/files-2.1/org.objenesis/objenesis/2.1/87c0ea803b69252868d09308b4618f766f135a96/objenesis-2.1.jar
7f1d482d6000-7f1d482d9000 r--s 0001b000 ca:01 35643                      /home/ubuntu/.gradle/caches/modules-2/files-2.1/net.minidev/json-smart/2.2.1/5b9e5df7a62d1279b70dc882b041d249c4f0b002/json-smart-2.2.1.jar
7f1d482d9000-7f1d482de000 r--s 0003c000 ca:01 73624                      /home/ubuntu/.gradle/caches/modules-2/files-2.1/org.springframework/spring-expression/4.3.6.RELEASE/13b53568cfd7b308e70efcbac6cdd0c5d597ba1/spring-expression-4.3.6.RELEASE.jar
7f1d482de000-7f1d482e0000 r--s 0000e000 ca:01 19584                      /home/ubuntu/.gradle/caches/modules-2/files-2.1/com.fasterxml/classmate/1.3.3/864c8e370a691e343210cc7c532fc198cee460d8/classmate-1.3.3.jar
7f1d482e0000-7f1d482e4000 r--s 0000c000 ca:01 19580                      /home/ubuntu/.gradle/caches/modules-2/files-2.1/javax.validation/validation-api/1.1.0.Final/8613ae82954779d518631e05daa73a6a954817d5/validation-api-1.1.0.Final.jar
7f1d482e4000-7f1d482e9000 r--s 00036000 ca:01 73619                      /home/ubuntu/.gradle/caches/modules-2/files-2.1/org.apache.tomcat.embed/tomcat-embed-websocket/8.5.11/dfa65e7857d46630761c0571758a56f7cbd1e9ba/tomcat-embed-websocket-8.5.11.jar
7f1d482e9000-7f1d482ee000 r--s 00036000 ca:01 73617                      /home/ubuntu/.gradle/caches/modules-2/files-2.1/org.apache.tomcat.embed/tomcat-embed-el/8.5.11/60253815b897166903bf5ec41219c5bb15333a69/tomcat-embed-el-8.5.11.jar
7f1d482ee000-7f1d48317000 r--s 002b8000 ca:01 73616                      /home/ubuntu/.gradle/caches/modules-2/files-2.1/org.apache.tomcat.embed/tomcat-embed-core/8.5.11/72761f51fc7cef3ee19d4aafc7adc605df9f611f/tomcat-embed-core-8.5.11.jar
7f1d48317000-7f1d48319000 r--s 00003000 ca:01 73615                      /home/ubuntu/.gradle/caches/modules-2/files-2.1/org.slf4j/jcl-over-slf4j/1.7.22/86ceac14535af5a42c8fb0d06d79b925dd3cb263/jcl-over-slf4j-1.7.22.jar
7f1d48319000-7f1d4831b000 r--s 00009000 ca:01 19568                      /home/ubuntu/.gradle/caches/modules-2/files-2.1/org.slf4j/slf4j-api/1.7.21/139535a69a4239db087de9bab0bee568bf8e0b70/slf4j-api-1.7.21.jar
7f1d4831b000-7f1d48329000 r--s 000ad000 ca:01 73622                      /home/ubuntu/.gradle/caches/modules-2/files-2.1/org.springframework/spring-beans/4.3.6.RELEASE/1585715ed598b76a23dac931c27aa039b189eafb/spring-beans-4.3.6.RELEASE.jar
7f1d48329000-7f1d48331000 r--s 0003a000 ca:01 73631                      /home/ubuntu/.gradle/caches/modules-2/files-2.1/org.springframework/spring-tx/4.3.6.RELEASE/41b8d5a15a8fcdfef9b2422ea2d97df326b6074b/spring-tx-4.3.6.RELEASE.jar
7f1d48331000-7f1d4834a000 r--s 000fd000 ca:01 73623                      /home/ubuntu/.gradle/caches/modules-2/files-2.1/org.springframework/spring-context/4.3.6.RELEASE/5f3041020113e3202a7ae9defe36e7b5d2fb87eb/spring-context-4.3.6.RELEASE.jar
7f1d4834a000-7f1d48354000 r--s 0006b000 ca:01 73851                      /home/ubuntu/.gradle/caches/modules-2/files-2.1/org.springframework/spring-orm/4.3.6.RELEASE/16792e74cc27a032f2ac974972ec0d4ccb9bf18e/spring-orm-4.3.6.RELEASE.jar
7f1d48354000-7f1d48367000 r--s 000a8000 ca:01 73633                      /home/ubuntu/.gradle/caches/modules-2/files-2.1/org.springframework.data/spring-data-commons/1.13.0.RELEASE/4472200cf3fca46e12612e548c4a52a531edf10b/spring-data-commons-1.13.0.RELEASE.jar
7f1d48367000-7f1d4836a000 r--s 00010000 ca:01 19555                      /home/ubuntu/.gradle/caches/modules-2/files-2.1/org.hibernate.common/hibernate-commons-annotations/5.0.1.Final/71e1cff3fcb20d3b3af4f3363c3ddb24d33c6879/hibernate-commons-annotations-5.0.1.Final.jar
7f1d4836a000-7f1d4836f000 r--s 00048000 ca:01 19553                      /home/ubuntu/.gradle/caches/modules-2/files-2.1/dom4j/dom4j/1.6.1/5d3ccc056b6f056dbf0dddfdf43894b9065a8f94/dom4j-1.6.1.jar
7f1d4836f000-7f1d48372000 r--s 0002b000 ca:01 19551                      /home/ubuntu/.gradle/caches/modules-2/files-2.1/org.jboss/jandex/2.0.0.Final/3e899258936f94649c777193e1be846387ed54b3/jandex-2.0.0.Final.jar
7f1d48372000-7f1d48377000 r--s 00068000 ca:01 19549                      /home/ubuntu/.gradle/caches/modules-2/files-2.1/antlr/antlr/2.7.7/83cd2cd674a217ade95a4bb83a8a14f351f48bd0/antlr-2.7.7.jar
7f1d48377000-7f1d48381000 r--s 000aa000 ca:01 73849                      /home/ubuntu/.gradle/caches/modules-2/files-2.1/org.javassist/javassist/3.21.0-GA/598244f595db5c5fb713731eddbb1c91a58d959b/javassist-3.21.0-GA.jar
7f1d48381000-7f1d48386000 r--s 00017000 ca:01 19542                      /home/ubuntu/.gradle/caches/modules-2/files-2.1/org.hibernate.javax.persistence/hibernate-jpa-2.1-api/1.0.0.Final/5e731d961297e5a07290bfaf3db1fbc8bbbf405a/hibernate-jpa-2.1-api-1.0.0.Final.jar
7f1d48386000-7f1d48388000 r--s 0000f000 ca:01 19540                      /home/ubuntu/.gradle/caches/modules-2/files-2.1/org.jboss.logging/jboss-logging/3.3.0.Final/3616bb87707910296e2c195dc016287080bba5af/jboss-logging-3.3.0.Final.jar
7f1d48388000-7f1d48392000 r--s 0005f000 ca:01 73847                      /home/ubuntu/.gradle/caches/modules-2/files-2.1/org.springframework/spring-jdbc/4.3.6.RELEASE/6b7855cfbc636dff3d902f4f335fc69e7309d55c/spring-jdbc-4.3.6.RELEASE.jar
7f1d48392000-7f1d48395000 r--s 00020000 ca:01 73845                      /home/ubuntu/.gradle/caches/modules-2/files-2.1/org.apache.tomcat/tomcat-jdbc/8.5.11/4d156969f12963b5f9232e9fe68ab710c3318ad5/tomcat-jdbc-8.5.11.jar
7f1d48395000-7f1d483ae000 r--s 001af000 ca:01 19533                      /home/ubuntu/.gradle/caches/modules-2/files-2.1/org.aspectj/aspectjweaver/1.8.9/db28774f477f07220eac18d5ec9c4e01f48589d7/aspectjweaver-1.8.9.jar
7f1d483ae000-7f1d483b7000 r--s 00054000 ca:01 73621                      /home/ubuntu/.gradle/caches/modules-2/files-2.1/org.springframework/spring-aop/4.3.6.RELEASE/d70b2393d380cd468d9a14969efaf9022c67c0/spring-aop-4.3.6.RELEASE.jar
7f1d483b7000-7f1d483bd000 r--s 0003d000 ca:01 19529                      /home/ubuntu/.gradle/caches/modules-2/files-2.1/org.yaml/snakeyaml/1.17/7a27ea250c5130b2922b86dea63cbb1cc10a660c/snakeyaml-1.17.jar
7f1d483bd000-7f1d483be000 r--s 00000000 ca:01 73611                      /home/ubuntu/.gradle/caches/modules-2/files-2.1/org.springframework.boot/spring-boot-starter-logging/1.5.1.RELEASE/889d35cc87daa453a823056798a4039cd321952a/spring-boot-starter-logging-1.5.1.RELEASE.jar
7f1d483be000-7f1d483ce000 r--s 00092000 ca:01 73609                      /home/ubuntu/.gradle/caches/modules-2/files-2.1/org.springframework.boot/spring-boot/1.5.1.RELEASE/670ebd283098aa2d8a397af84fbe6ea152a4d8fa/spring-boot-1.5.1.RELEASE.jar
7f1d483ce000-7f1d483d2000 r--s 00041000 ca:01 73612                      /home/ubuntu/.gradle/caches/modules-2/files-2.1/com.fasterxml.jackson.core/jackson-core/2.8.6/2ef7b1cc34de149600f5e75bc2d5bf40de894e60/jackson-core-2.8.6.jar
7f1d483d2000-7f1d483d5000 r--s 0000b000 ca:01 73597                      /home/ubuntu/.gradle/caches/modules-2/files-2.1/com.fasterxml.jackson.core/jackson-annotations/2.8.0/45b426f7796b741035581a176744d91090e2e6fb/jackson-annotations-2.8.0.jar
7f1d483d5000-7f1d483f4000 r--s 000df000 ca:01 73610                      /home/ubuntu/.gradle/caches/modules-2/files-2.1/org.springframework.boot/spring-boot-autoconfigure/1.5.1.RELEASE/251d960da2d5adfd55cf0281fcdfa69ab525a36d/spring-boot-autoconfigure-1.5.1.RELEASE.jar
7f1d483f4000-7f1d483f5000 r--s 00004000 ca:01 74178                      /home/ubuntu/.gradle/caches/modules-2/files-2.1/org.springframework.security/spring-security-rsa/1.0.3.RELEASE/b0b1ee770597b5de1b51e9a889dfd2dc35d251b0/spring-security-rsa-1.0.3.RELEASE.jar
7f1d483f5000-7f1d483f9000 r--s 00015000 ca:01 74177                      /home/ubuntu/.gradle/caches/modules-2/files-2.1/org.springframework.cloud/spring-cloud-commons/1.2.0.BUILD-SNAPSHOT/dc3cb0672b3e03c5165bcd6da203881cee5bdfde/spring-cloud-commons-1.2.0.BUILD-SNAPSHOT.jar
7f1d483f9000-7f1d483fd000 r--s 00014000 ca:01 74176                      /home/ubuntu/.gradle/caches/modules-2/files-2.1/org.springframework.cloud/spring-cloud-context/1.2.0.BUILD-SNAPSHOT/8f75a68215957df90b434ba09b1286606623dc3c/spring-cloud-context-1.2.0.BUILD-SNAPSHOT.jar
7f1d483fd000-7f1d4840c000 r--s 00084000 ca:01 73608                      /home/ubuntu/.gradle/caches/modules-2/files-2.1/org.springframework/spring-test/4.3.6.RELEASE/233edfdbe5f895cd6585001ef30122e5604442b4/spring-test-4.3.6.RELEASE.jar
7f1d4840c000-7f1d48422000 r--s 000fb000 ca:01 73383                      /home/ubuntu/.gradle/caches/modules-2/files-2.1/org.springframework/spring-core/4.3.6.RELEASE/690da099c3c2d2536210f0fd06ff3f336de43ad9/spring-core-4.3.6.RELEASE.jar
7f1d48422000-7f1d48424000 r--s 00006000 ca:01 73607                      /home/ubuntu/.gradle/caches/modules-2/files-2.1/org.skyscreamer/jsonassert/1.4.0/9cdbb373a06f6513e51e8c545ee6a5e981463edb/jsonassert-1.4.0.jar
7f1d48424000-7f1d48425000 r--s 0000c000 ca:01 35302                      /home/ubuntu/.gradle/caches/modules-2/files-2.1/org.hamcrest/hamcrest-library/1.3/4785a3c21320980282f9f33d0d1264a69040538f/hamcrest-library-1.3.jar
7f1d48425000-7f1d48427000 r--s 00009000 ca:01 35257                      /home/ubuntu/.gradle/caches/modules-2/files-2.1/org.hamcrest/hamcrest-core/1.3/42a25dc3219429f0e5d060061f71acb49bf010a0/hamcrest-core-1.3.jar
7f1d48427000-7f1d48443000 r--s 00103000 ca:01 35245                      /home/ubuntu/.gradle/caches/modules-2/files-2.1/org.mockito/mockito-core/1.10.19/e8546f5bef4e061d8dd73895b4e8f40e3fe6effe/mockito-core-1.10.19.jar
7f1d48443000-7f1d48457000 r--s 000dc000 ca:01 73606                      /home/ubuntu/.gradle/caches/modules-2/files-2.1/org.assertj/assertj-core/2.6.0/b532c3fc4f66bcfee4989a3514f1cd56203a33ad/assertj-core-2.6.0.jar
7f1d48457000-7f1d4845f000 r--s 00045000 ca:01 35153                      /home/ubuntu/.gradle/caches/modules-2/files-2.1/junit/junit/4.12/2973d150c0dc1fefe998f834810d68f278ea58ec/junit-4.12.jar
7f1d4845f000-7f1d48464000 r--s 0002e000 ca:01 34171                      /home/ubuntu/.gradle/caches/modules-2/files-2.1/com.jayway.jsonpath/json-path/2.2.0/22290d17944bd239fabf5ac69005a60a7ecbbbcb/json-path-2.2.0.jar
7f1d48464000-7f1d48469000 r--s 00019000 ca:01 73605                      /home/ubuntu/.gradle/caches/modules-2/files-2.1/org.springframework.boot/spring-boot-test-autoconfigure/1.5.1.RELEASE/dfde47412acedab21af1108cc71c3e91fff6c49d/spring-boot-test-autoconfigure-1.5.1.RELEASE.jar
7f1d48469000-7f1d4846d000 r--s 0001f000 ca:01 73604                      /home/ubuntu/.gradle/caches/modules-2/files-2.1/org.springframework.boot/spring-boot-test/1.5.1.RELEASE/c88cf507cea6ceb4d7850d4a5149a29a87b78194/spring-boot-test-1.5.1.RELEASE.jar
7f1d4846d000-7f1d4847e000 r--s 000cf000 ca:01 73603                      /home/ubuntu/.gradle/caches/modules-2/files-2.1/org.springframework/spring-webmvc/4.3.6.RELEASE/ea55690d6d61ad70e2569db1e1add1603e427862/spring-webmvc-4.3.6.RELEASE.jar
7f1d4847e000-7f1d48490000 r--s 000b6000 ca:01 73602                      /home/ubuntu/.gradle/caches/modules-2/files-2.1/org.springframework/spring-web/4.3.6.RELEASE/8b8bf8fc6ed4acd5ae0baa6179f1cccc52aaa9aa/spring-web-4.3.6.RELEASE.jar
7f1d48490000-7f1d484a1000 r--s 000a1000 ca:01 73601                      /home/ubuntu/.gradle/caches/modules-2/files-2.1/org.hibernate/hibernate-validator/5.3.4.Final/2f6c8c0b646afe18e3ad205726729d3c4a85fe2e/hibernate-validator-5.3.4.Final.jar
7f1d484a1000-7f1d484a2000 r--s 00000000 ca:01 73600                      /home/ubuntu/.gradle/caches/modules-2/files-2.1/org.springframework.boot/spring-boot-starter-tomcat/1.5.1.RELEASE/edf030756ec627ad4d9beb6710c3b0da77412782/spring-boot-starter-tomcat-1.5.1.RELEASE.jar
7f1d484a2000-7f1d484a5000 r--s 0000c000 ca:01 73843                      /home/ubuntu/.gradle/caches/modules-2/files-2.1/org.springframework/spring-aspects/4.3.6.RELEASE/f89e7d952f8981ee616ac5e680d020ae7c52c068/spring-aspects-4.3.6.RELEASE.jar
7f1d484a5000-7f1d484ac000 r--s 00040000 ca:01 73841                      /home/ubuntu/.gradle/caches/modules-2/files-2.1/org.springframework.data/spring-data-jpa/1.11.0.RELEASE/a4c55e3492e511fb1fa956fdefc4aff7904bb799/spring-data-jpa-1.11.0.RELEASE.jar
7f1d484ac000-7f1d484ae000 r--s 00006000 ca:01 19507                      /home/ubuntu/.gradle/caches/modules-2/files-2.1/javax.transaction/javax.transaction-api/1.2/d81aff979d603edd90dcd8db2abc1f4ce6479e3e/javax.transaction-api-1.2.jar
7f1d484ae000-7f1d484bb000 r--s 00089000 ca:01 19504                      /home/ubuntu/.gradle/caches/modules-2/files-2.1/org.hibernate/hibernate-entitymanager/5.0.11.Final/549565caed4e0bcb816843693e66ff7b04ce025f/hibernate-entitymanager-5.0.11.Final.jar
7f1d484bb000-7f1d48524000 r--s 004f3000 ca:01 19502                      /home/ubuntu/.gradle/caches/modules-2/files-2.1/org.hibernate/hibernate-core/5.0.11.Final/c2487fb72a2217a7cec9ab478d4c21a36fc09977/hibernate-core-5.0.11.Final.jar
7f1d48524000-7f1d48535000 r--s 0011d000 ca:01 73598                      /home/ubuntu/.gradle/caches/modules-2/files-2.1/com.fasterxml.jackson.core/jackson-databind/2.8.6/c43de61f74ecc61322ef8f402837ba65b0aa2bf4/jackson-databind-2.8.6.jar
7f1d48535000-7f1d48544000 r--s 001a7000 ca:01 19493                      /home/ubuntu/.gradle/caches/modules-2/files-2.1/com.h2database/h2/1.4.193/369b51e2090c4e6714d9d5e42010b6330c2cea26/h2-1.4.193.jar
7f1d48544000-7f1d4855f000 r--s 00394000 ca:01 193473                     /usr/lib/jvm/java-8-openjdk-amd64/jre/lib/ext/cldrdata.jar
7f1d4855f000-7f1d48560000 ---p 00000000 00:00 0 
7f1d48560000-7f1d48660000 rw-p 00000000 00:00 0 
7f1d48660000-7f1d48663000 ---p 00000000 00:00 0 
7f1d48663000-7f1d48761000 rw-p 00000000 00:00 0 
7f1d48761000-7f1d48764000 ---p 00000000 00:00 0 
7f1d48764000-7f1d48862000 rw-p 00000000 00:00 0 
7f1d48862000-7f1d48865000 ---p 00000000 00:00 0 
7f1d48865000-7f1d48963000 rw-p 00000000 00:00 0 
7f1d48963000-7f1d48966000 ---p 00000000 00:00 0 
7f1d48966000-7f1d48a64000 rw-p 00000000 00:00 0 
7f1d48a64000-7f1d48bfc000 r--p 00000000 ca:01 1683                       /usr/lib/locale/locale-archive
7f1d48bfc000-7f1d48bff000 ---p 00000000 00:00 0 
7f1d48bff000-7f1d48cfd000 rw-p 00000000 00:00 0 
7f1d48cfd000-7f1d48d00000 ---p 00000000 00:00 0 
7f1d48d00000-7f1d48dfe000 rw-p 00000000 00:00 0 
7f1d48dfe000-7f1d48dff000 ---p 00000000 00:00 0 
7f1d48dff000-7f1d49000000 rw-p 00000000 00:00 0 
7f1d49000000-7f1d49b90000 rwxp 00000000 00:00 0 
7f1d49b90000-7f1d58000000 ---p 00000000 00:00 0 
7f1d58000000-7f1d593db000 rw-p 00000000 00:00 0 
7f1d593db000-7f1d5c000000 ---p 00000000 00:00 0 
7f1d5c000000-7f1d5c001000 r--s 00000000 ca:01 73839                      /home/ubuntu/.gradle/caches/modules-2/files-2.1/org.springframework.boot/spring-boot-starter-jdbc/1.5.1.RELEASE/92022d685035a0b043ce581870fceac7156f427d/spring-boot-starter-jdbc-1.5.1.RELEASE.jar
7f1d5c001000-7f1d5c002000 r--s 00000000 ca:01 73837                      /home/ubuntu/.gradle/caches/modules-2/files-2.1/org.springframework.boot/spring-boot-starter-aop/1.5.1.RELEASE/c03e2abaa0dc45a64f2a71dd0e6db940ef326dd5/spring-boot-starter-aop-1.5.1.RELEASE.jar
7f1d5c002000-7f1d5c003000 r--s 00000000 ca:01 73595                      /home/ubuntu/.gradle/caches/modules-2/files-2.1/org.springframework.boot/spring-boot-starter/1.5.1.RELEASE/5fb187e6a363b9145e3f7f18130ba64e9e22dad8/spring-boot-starter-1.5.1.RELEASE.jar
7f1d5c003000-7f1d5c005000 r--s 00006000 ca:01 74175                      /home/ubuntu/.gradle/caches/modules-2/files-2.1/org.springframework.cloud/spring-cloud-config-client/1.3.0.BUILD-SNAPSHOT/794c82131e1d5e17a4f5330a9b4089d4e16f78a5/spring-cloud-config-client-1.3.0.BUILD-SNAPSHOT.jar
7f1d5c005000-7f1d5c006000 r--s 00000000 ca:01 74174                      /home/ubuntu/.gradle/caches/modules-2/files-2.1/org.springframework.cloud/spring-cloud-starter/1.2.0.BUILD-SNAPSHOT/389672393e2aa35883a99ff15c1e3cf4ed256328/spring-cloud-starter-1.2.0.BUILD-SNAPSHOT.jar
7f1d5c006000-7f1d5c007000 r--s 00000000 ca:01 73593                      /home/ubuntu/.gradle/caches/modules-2/files-2.1/org.springframework.boot/spring-boot-starter-test/1.5.1.RELEASE/952a57bc721054e30691a62c21713d97c27e4285/spring-boot-starter-test-1.5.1.RELEASE.jar
7f1d5c007000-7f1d5c008000 r--s 00000000 ca:01 73591                      /home/ubuntu/.gradle/caches/modules-2/files-2.1/org.springframework.boot/spring-boot-starter-web/1.5.1.RELEASE/8404c45cb53a05edcd0ad8fc57a5fe43462263d8/spring-boot-starter-web-1.5.1.RELEASE.jar
7f1d5c008000-7f1d5c012000 r--s 00116000 ca:01 193476                     /usr/lib/jvm/java-8-openjdk-amd64/jre/lib/ext/localedata.jar
7f1d5c012000-7f1d5c02d000 r--s 001d6000 ca:01 193470                     /usr/lib/jvm/java-8-openjdk-amd64/jre/lib/ext/nashorn.jar
7f1d5c02d000-7f1d5c8a3000 rw-p 00000000 00:00 0 
7f1d5c8a3000-7f1d5ca71000 r--s 03c06000 ca:01 193484                     /usr/lib/jvm/java-8-openjdk-amd64/jre/lib/rt.jar
7f1d5ca71000-7f1d5d4d5000 rw-p 00000000 00:00 0 
7f1d5d4d5000-7f1d5d4d6000 ---p 00000000 00:00 0 
7f1d5d4d6000-7f1d5d5d6000 rw-p 00000000 00:00 0 
7f1d5d5d6000-7f1d5d5d7000 ---p 00000000 00:00 0 
7f1d5d5d7000-7f1d5d6f5000 rw-p 00000000 00:00 0 
7f1d5d6f5000-7f1d5d821000 ---p 00000000 00:00 0 
7f1d5d821000-7f1d5d83f000 rw-p 00000000 00:00 0 
7f1d5d83f000-7f1d5d96a000 ---p 00000000 00:00 0 
7f1d5d96a000-7f1d5d9b8000 rw-p 00000000 00:00 0 
7f1d5d9b8000-7f1d5da0f000 ---p 00000000 00:00 0 
7f1d5da0f000-7f1d5da3f000 rw-p 00000000 00:00 0 
7f1d5da3f000-7f1d5ddd0000 ---p 00000000 00:00 0 
7f1d5ddd0000-7f1d5ddd8000 r-xp 00000000 ca:01 193432                     /usr/lib/jvm/java-8-openjdk-amd64/jre/lib/amd64/libzip.so
7f1d5ddd8000-7f1d5dfd7000 ---p 00008000 ca:01 193432                     /usr/lib/jvm/java-8-openjdk-amd64/jre/lib/amd64/libzip.so
7f1d5dfd7000-7f1d5dfd8000 r--p 00007000 ca:01 193432                     /usr/lib/jvm/java-8-openjdk-amd64/jre/lib/amd64/libzip.so
7f1d5dfd8000-7f1d5dfd9000 rw-p 00008000 ca:01 193432                     /usr/lib/jvm/java-8-openjdk-amd64/jre/lib/amd64/libzip.so
7f1d5dfd9000-7f1d5dfe4000 r-xp 00000000 ca:01 396847                     /lib/x86_64-linux-gnu/libnss_files-2.23.so
7f1d5dfe4000-7f1d5e1e3000 ---p 0000b000 ca:01 396847                     /lib/x86_64-linux-gnu/libnss_files-2.23.so
7f1d5e1e3000-7f1d5e1e4000 r--p 0000a000 ca:01 396847                     /lib/x86_64-linux-gnu/libnss_files-2.23.so
7f1d5e1e4000-7f1d5e1e5000 rw-p 0000b000 ca:01 396847                     /lib/x86_64-linux-gnu/libnss_files-2.23.so
7f1d5e1e5000-7f1d5e1eb000 rw-p 00000000 00:00 0 
7f1d5e1eb000-7f1d5e1f6000 r-xp 00000000 ca:01 396849                     /lib/x86_64-linux-gnu/libnss_nis-2.23.so
7f1d5e1f6000-7f1d5e3f5000 ---p 0000b000 ca:01 396849                     /lib/x86_64-linux-gnu/libnss_nis-2.23.so
7f1d5e3f5000-7f1d5e3f6000 r--p 0000a000 ca:01 396849                     /lib/x86_64-linux-gnu/libnss_nis-2.23.so
7f1d5e3f6000-7f1d5e3f7000 rw-p 0000b000 ca:01 396849                     /lib/x86_64-linux-gnu/libnss_nis-2.23.so
7f1d5e3f7000-7f1d5e40d000 r-xp 00000000 ca:01 396844                     /lib/x86_64-linux-gnu/libnsl-2.23.so
7f1d5e40d000-7f1d5e60c000 ---p 00016000 ca:01 396844                     /lib/x86_64-linux-gnu/libnsl-2.23.so
7f1d5e60c000-7f1d5e60d000 r--p 00015000 ca:01 396844                     /lib/x86_64-linux-gnu/libnsl-2.23.so
7f1d5e60d000-7f1d5e60e000 rw-p 00016000 ca:01 396844                     /lib/x86_64-linux-gnu/libnsl-2.23.so
7f1d5e60e000-7f1d5e610000 rw-p 00000000 00:00 0 
7f1d5e610000-7f1d5e618000 r-xp 00000000 ca:01 396845                     /lib/x86_64-linux-gnu/libnss_compat-2.23.so
7f1d5e618000-7f1d5e817000 ---p 00008000 ca:01 396845                     /lib/x86_64-linux-gnu/libnss_compat-2.23.so
7f1d5e817000-7f1d5e818000 r--p 00007000 ca:01 396845                     /lib/x86_64-linux-gnu/libnss_compat-2.23.so
7f1d5e818000-7f1d5e819000 rw-p 00008000 ca:01 396845                     /lib/x86_64-linux-gnu/libnss_compat-2.23.so
7f1d5e819000-7f1d5e846000 r-xp 00000000 ca:01 193459                     /usr/lib/jvm/java-8-openjdk-amd64/jre/lib/amd64/libjava.so
7f1d5e846000-7f1d5ea45000 ---p 0002d000 ca:01 193459                     /usr/lib/jvm/java-8-openjdk-amd64/jre/lib/amd64/libjava.so
7f1d5ea45000-7f1d5ea46000 r--p 0002c000 ca:01 193459                     /usr/lib/jvm/java-8-openjdk-amd64/jre/lib/amd64/libjava.so
7f1d5ea46000-7f1d5ea48000 rw-p 0002d000 ca:01 193459                     /usr/lib/jvm/java-8-openjdk-amd64/jre/lib/amd64/libjava.so
7f1d5ea48000-7f1d5ea57000 r-xp 00000000 ca:01 193425                     /usr/lib/jvm/java-8-openjdk-amd64/jre/lib/amd64/libverify.so
7f1d5ea57000-7f1d5ec56000 ---p 0000f000 ca:01 193425                     /usr/lib/jvm/java-8-openjdk-amd64/jre/lib/amd64/libverify.so
7f1d5ec56000-7f1d5ec58000 r--p 0000e000 ca:01 193425                     /usr/lib/jvm/java-8-openjdk-amd64/jre/lib/amd64/libverify.so
7f1d5ec58000-7f1d5ec59000 rw-p 00010000 ca:01 193425                     /usr/lib/jvm/java-8-openjdk-amd64/jre/lib/amd64/libverify.so
7f1d5ec59000-7f1d5ec60000 r-xp 00000000 ca:01 396870                     /lib/x86_64-linux-gnu/librt-2.23.so
7f1d5ec60000-7f1d5ee5f000 ---p 00007000 ca:01 396870                     /lib/x86_64-linux-gnu/librt-2.23.so
7f1d5ee5f000-7f1d5ee60000 r--p 00006000 ca:01 396870                     /lib/x86_64-linux-gnu/librt-2.23.so
7f1d5ee60000-7f1d5ee61000 rw-p 00007000 ca:01 396870                     /lib/x86_64-linux-gnu/librt-2.23.so
7f1d5ee61000-7f1d5ee77000 r-xp 00000000 ca:01 396818                     /lib/x86_64-linux-gnu/libgcc_s.so.1
7f1d5ee77000-7f1d5f076000 ---p 00016000 ca:01 396818                     /lib/x86_64-linux-gnu/libgcc_s.so.1
7f1d5f076000-7f1d5f077000 rw-p 00015000 ca:01 396818                     /lib/x86_64-linux-gnu/libgcc_s.so.1
7f1d5f077000-7f1d5f17f000 r-xp 00000000 ca:01 396835                     /lib/x86_64-linux-gnu/libm-2.23.so
7f1d5f17f000-7f1d5f37e000 ---p 00108000 ca:01 396835                     /lib/x86_64-linux-gnu/libm-2.23.so
7f1d5f37e000-7f1d5f37f000 r--p 00107000 ca:01 396835                     /lib/x86_64-linux-gnu/libm-2.23.so
7f1d5f37f000-7f1d5f380000 rw-p 00108000 ca:01 396835                     /lib/x86_64-linux-gnu/libm-2.23.so
7f1d5f380000-7f1d5f4f2000 r-xp 00000000 ca:01 5385                       /usr/lib/x86_64-linux-gnu/libstdc++.so.6.0.21
7f1d5f4f2000-7f1d5f6f2000 ---p 00172000 ca:01 5385                       /usr/lib/x86_64-linux-gnu/libstdc++.so.6.0.21
7f1d5f6f2000-7f1d5f6fc000 r--p 00172000 ca:01 5385                       /usr/lib/x86_64-linux-gnu/libstdc++.so.6.0.21
7f1d5f6fc000-7f1d5f6fe000 rw-p 0017c000 ca:01 5385                       /usr/lib/x86_64-linux-gnu/libstdc++.so.6.0.21
7f1d5f6fe000-7f1d5f702000 rw-p 00000000 00:00 0 
7f1d5f702000-7f1d60352000 r-xp 00000000 ca:01 193452                     /usr/lib/jvm/java-8-openjdk-amd64/jre/lib/amd64/server/libjvm.so
7f1d60352000-7f1d60551000 ---p 00c50000 ca:01 193452                     /usr/lib/jvm/java-8-openjdk-amd64/jre/lib/amd64/server/libjvm.so
7f1d60551000-7f1d605e4000 r--p 00c4f000 ca:01 193452                     /usr/lib/jvm/java-8-openjdk-amd64/jre/lib/amd64/server/libjvm.so
7f1d605e4000-7f1d6060d000 rw-p 00ce2000 ca:01 193452                     /usr/lib/jvm/java-8-openjdk-amd64/jre/lib/amd64/server/libjvm.so
7f1d6060d000-7f1d6063d000 rw-p 00000000 00:00 0 
7f1d6063d000-7f1d60655000 r-xp 00000000 ca:01 396866                     /lib/x86_64-linux-gnu/libpthread-2.23.so
7f1d60655000-7f1d60854000 ---p 00018000 ca:01 396866                     /lib/x86_64-linux-gnu/libpthread-2.23.so
7f1d60854000-7f1d60855000 r--p 00017000 ca:01 396866                     /lib/x86_64-linux-gnu/libpthread-2.23.so
7f1d60855000-7f1d60856000 rw-p 00018000 ca:01 396866                     /lib/x86_64-linux-gnu/libpthread-2.23.so
7f1d60856000-7f1d6085a000 rw-p 00000000 00:00 0 
7f1d6085a000-7f1d6085d000 r-xp 00000000 ca:01 396811                     /lib/x86_64-linux-gnu/libdl-2.23.so
7f1d6085d000-7f1d60a5c000 ---p 00003000 ca:01 396811                     /lib/x86_64-linux-gnu/libdl-2.23.so
7f1d60a5c000-7f1d60a5d000 r--p 00002000 ca:01 396811                     /lib/x86_64-linux-gnu/libdl-2.23.so
7f1d60a5d000-7f1d60a5e000 rw-p 00003000 ca:01 396811                     /lib/x86_64-linux-gnu/libdl-2.23.so
7f1d60a5e000-7f1d60a77000 r-xp 00000000 ca:01 396889                     /lib/x86_64-linux-gnu/libz.so.1.2.8
7f1d60a77000-7f1d60c76000 ---p 00019000 ca:01 396889                     /lib/x86_64-linux-gnu/libz.so.1.2.8
7f1d60c76000-7f1d60c77000 r--p 00018000 ca:01 396889                     /lib/x86_64-linux-gnu/libz.so.1.2.8
7f1d60c77000-7f1d60c78000 rw-p 00019000 ca:01 396889                     /lib/x86_64-linux-gnu/libz.so.1.2.8
7f1d60c78000-7f1d60e37000 r-xp 00000000 ca:01 396800                     /lib/x86_64-linux-gnu/libc-2.23.so
7f1d60e37000-7f1d61037000 ---p 001bf000 ca:01 396800                     /lib/x86_64-linux-gnu/libc-2.23.so
7f1d61037000-7f1d6103b000 r--p 001bf000 ca:01 396800                     /lib/x86_64-linux-gnu/libc-2.23.so
7f1d6103b000-7f1d6103d000 rw-p 001c3000 ca:01 396800                     /lib/x86_64-linux-gnu/libc-2.23.so
7f1d6103d000-7f1d61041000 rw-p 00000000 00:00 0 
7f1d61041000-7f1d6104e000 r-xp 00000000 ca:01 193447                     /usr/lib/jvm/java-8-openjdk-amd64/jre/lib/amd64/jli/libjli.so
7f1d6104e000-7f1d6124e000 ---p 0000d000 ca:01 193447                     /usr/lib/jvm/java-8-openjdk-amd64/jre/lib/amd64/jli/libjli.so
7f1d6124e000-7f1d6124f000 r--p 0000d000 ca:01 193447                     /usr/lib/jvm/java-8-openjdk-amd64/jre/lib/amd64/jli/libjli.so
7f1d6124f000-7f1d61250000 rw-p 0000e000 ca:01 193447                     /usr/lib/jvm/java-8-openjdk-amd64/jre/lib/amd64/jli/libjli.so
7f1d61250000-7f1d61276000 r-xp 00000000 ca:01 396788                     /lib/x86_64-linux-gnu/ld-2.23.so
7f1d61276000-7f1d61277000 r--s 00000000 ca:01 73835                      /home/ubuntu/.gradle/caches/modules-2/files-2.1/org.springframework.boot/spring-boot-starter-data-jpa/1.5.1.RELEASE/c65567d9300f4b2a5e0ad9ecc3a7696e7d640771/spring-boot-starter-data-jpa-1.5.1.RELEASE.jar
7f1d61277000-7f1d61278000 r--s 00000000 ca:01 74173                      /home/ubuntu/.gradle/caches/modules-2/files-2.1/org.springframework.cloud/spring-cloud-starter-config/1.3.0.BUILD-SNAPSHOT/971ce7b83a7034ab618eb66bbd1701ae25fdf23/spring-cloud-starter-config-1.3.0.BUILD-SNAPSHOT.jar
7f1d61278000-7f1d6127a000 r--s 00008000 ca:01 193469                     /usr/lib/jvm/java-8-openjdk-amd64/jre/lib/ext/sunec.jar
7f1d6127a000-7f1d6127c000 r--s 00001000 ca:01 193471                     /usr/lib/jvm/java-8-openjdk-amd64/jre/lib/ext/dnsns.jar
7f1d6127c000-7f1d6127d000 r--s 00010000 ca:01 193474                     /usr/lib/jvm/java-8-openjdk-amd64/jre/lib/ext/zipfs.jar
7f1d6127d000-7f1d61356000 rw-p 00000000 00:00 0 
7f1d61356000-7f1d61359000 ---p 00000000 00:00 0 
7f1d61359000-7f1d6145c000 rw-p 00000000 00:00 0 
7f1d6145c000-7f1d61461000 r--s 0003b000 ca:01 193477                     /usr/lib/jvm/java-8-openjdk-amd64/jre/lib/ext/sunjce_provider.jar
7f1d61461000-7f1d61465000 r--s 00037000 ca:01 193475                     /usr/lib/jvm/java-8-openjdk-amd64/jre/lib/ext/sunpkcs11.jar
7f1d61465000-7f1d61466000 r--s 0000a000 ca:01 193478                     /usr/lib/jvm/java-8-openjdk-amd64/jre/lib/ext/jaccess.jar
7f1d61466000-7f1d61469000 r--s 0000f000 ca:01 193472                     /usr/lib/jvm/java-8-openjdk-amd64/jre/lib/ext/icedtea-sound.jar
7f1d61469000-7f1d61471000 rw-s 00000000 ca:01 51068                      /tmp/hsperfdata_ubuntu/4409
7f1d61471000-7f1d61472000 rw-p 00000000 00:00 0 
7f1d61472000-7f1d61473000 ---p 00000000 00:00 0 
7f1d61473000-7f1d61475000 rw-p 00000000 00:00 0 
7f1d61475000-7f1d61476000 r--p 00025000 ca:01 396788                     /lib/x86_64-linux-gnu/ld-2.23.so
7f1d61476000-7f1d61477000 rw-p 00026000 ca:01 396788                     /lib/x86_64-linux-gnu/ld-2.23.so
7f1d61477000-7f1d61478000 rw-p 00000000 00:00 0 
7ffd7d936000-7ffd7d95a000 rw-p 00000000 00:00 0                          [stack]
7ffd7d9c4000-7ffd7d9c6000 r--p 00000000 00:00 0                          [vvar]
7ffd7d9c6000-7ffd7d9c8000 r-xp 00000000 00:00 0                          [vdso]
ffffffffff600000-ffffffffff601000 r-xp 00000000 00:00 0                  [vsyscall]

VM Arguments:
jvm_args: -Dfile.encoding=UTF-8 
java_command: edu.cmu.odw.AuthorserviceApplication
java_class_path (initial): /home/ubuntu/workspace/authorservice/bin:/home/ubuntu/.gradle/caches/modules-2/files-2.1/org.springframework.cloud/spring-cloud-starter-config/1.3.0.BUILD-SNAPSHOT/971ce7b83a7034ab618eb66bbd1701ae25fdf23/spring-cloud-starter-config-1.3.0.BUILD-SNAPSHOT.jar:/home/ubuntu/.gradle/caches/modules-2/files-2.1/org.springframework.boot/spring-boot-starter-data-jpa/1.5.1.RELEASE/c65567d9300f4b2a5e0ad9ecc3a7696e7d640771/spring-boot-starter-data-jpa-1.5.1.RELEASE.jar:/home/ubuntu/.gradle/caches/modules-2/files-2.1/org.springframework.boot/spring-boot-starter-web/1.5.1.RELEASE/8404c45cb53a05edcd0ad8fc57a5fe43462263d8/spring-boot-starter-web-1.5.1.RELEASE.jar:/home/ubuntu/.gradle/caches/modules-2/files-2.1/com.h2database/h2/1.4.193/369b51e2090c4e6714d9d5e42010b6330c2cea26/h2-1.4.193.jar:/home/ubuntu/.gradle/caches/modules-2/files-2.1/org.springframework.boot/spring-boot-starter-test/1.5.1.RELEASE/952a57bc721054e30691a62c21713d97c27e4285/spring-boot-starter-test-1.5.1.RELEASE.jar:/home/ubuntu/.gradle/caches/modules-2/files-2.1/org.springframework.cloud/spring-cloud-starter/1.2.0.BUILD-SNAPSHOT/389672393e2aa35883a99ff15c1e3cf4ed256328/spring-cloud-starter-1.2.0.BUILD-SNAPSHOT.jar:/home/ubuntu/.gradle/caches/modules-2/files-2.1/org.springframework.cloud/spring-cloud-config-client/1.3.0.BUILD-SNAPSHOT/794c82131e1d5e17a4f5330a9b4089d4e16f78a5/spring-cloud-config-client-1.3.0.BUILD-SNAPSHOT.jar:/home/ubuntu/.gradle/caches/modules-2/files-2.1/com.fasterxml.jackson.core/jackson-databind/2.8.6/c43de61f74ecc61322ef8f402837ba65b0aa2bf4/jackson-databind-2.8.6.jar:/home/ubuntu/.gradle/caches/modules-2/files-2.1/org.springframework.boot/spring-boot-starter/1.5.1.RELEASE/5fb187e6a363b9145e3f7f18130ba64e9e22dad8/spring-boot-starter-1.5.1.RELEASE.jar:/home/ubuntu/.gradle/caches/modules-2/files-2.1/org.springframework.boot/spring-boot-starter-aop/1.5.1.RELEASE/c03e2abaa0dc45a64f2a71dd0e6db940ef326dd5/spring-boot-starter-aop-1.5.1.RELEASE.jar:/home/ubuntu/.gradle/cache
Launcher Type: SUN_STANDARD

Environment Variables:
PATH=/bin:/usr/bin:/usr/X11R6/bin:/usr/local/bin
SHELL=/bin/bash
DISPLAY=:10.0

Signal Handlers:
SIGSEGV: [libjvm.so+0xa66fd0], sa_mask[0]=11111111011111111101111111111110, sa_flags=SA_RESTART|SA_SIGINFO
SIGBUS: [libjvm.so+0xa66fd0], sa_mask[0]=11111111011111111101111111111110, sa_flags=SA_RESTART|SA_SIGINFO
SIGFPE: [libjvm.so+0x8b0180], sa_mask[0]=11111111011111111101111111111110, sa_flags=SA_RESTART|SA_SIGINFO
SIGPIPE: [libjvm.so+0x8b0180], sa_mask[0]=11111111011111111101111111111110, sa_flags=SA_RESTART|SA_SIGINFO
SIGXFSZ: [libjvm.so+0x8b0180], sa_mask[0]=11111111011111111101111111111110, sa_flags=SA_RESTART|SA_SIGINFO
SIGILL: [libjvm.so+0x8b0180], sa_mask[0]=11111111011111111101111111111110, sa_flags=SA_RESTART|SA_SIGINFO
SIGUSR1: SIG_DFL, sa_mask[0]=00000000000000000000000000000000, sa_flags=none
SIGUSR2: [libjvm.so+0x8b0030], sa_mask[0]=00100000000000000000000000000000, sa_flags=SA_RESTART|SA_SIGINFO
SIGHUP: [libjvm.so+0x8b0500], sa_mask[0]=11111111011111111101111111111110, sa_flags=SA_RESTART|SA_SIGINFO
SIGINT: [libjvm.so+0x8b0500], sa_mask[0]=11111111011111111101111111111110, sa_flags=SA_RESTART|SA_SIGINFO
SIGTERM: [libjvm.so+0x8b0500], sa_mask[0]=11111111011111111101111111111110, sa_flags=SA_RESTART|SA_SIGINFO
SIGQUIT: [libjvm.so+0x8b0500], sa_mask[0]=11111111011111111101111111111110, sa_flags=SA_RESTART|SA_SIGINFO


---------------  S Y S T E M  ---------------

OS:DISTRIB_ID=Ubuntu
DISTRIB_RELEASE=16.04
DISTRIB_CODENAME=xenial
DISTRIB_DESCRIPTION="Ubuntu 16.04.1 LTS"

uname:Linux 4.4.0-62-generic #83-Ubuntu SMP Wed Jan 18 14:10:15 UTC 2017 x86_64
libc:glibc 2.23 NPTL 2.23 
rlimit: STACK 8192k, CORE 0k, NPROC 15713, NOFILE 4096, AS infinity
load average:9.91 5.57 2.51

/proc/meminfo:
MemTotal:        4044964 kB
MemFree:           27072 kB
MemAvailable:      20432 kB
Buffers:             612 kB
Cached:           127764 kB
SwapCached:            0 kB
Active:          3773576 kB
Inactive:         114852 kB
Active(anon):    3763400 kB
Inactive(anon):   108680 kB
Active(file):      10176 kB
Inactive(file):     6172 kB
Unevictable:        3656 kB
Mlocked:            3656 kB
SwapTotal:             0 kB
SwapFree:              0 kB
Dirty:               368 kB
Writeback:             0 kB
AnonPages:       3763792 kB
Mapped:           121488 kB
Shmem:            109548 kB
Slab:              54440 kB
SReclaimable:      23488 kB
SUnreclaim:        30952 kB
KernelStack:       11136 kB
PageTables:        35660 kB
NFS_Unstable:          0 kB
Bounce:                0 kB
WritebackTmp:          0 kB
CommitLimit:     2022480 kB
Committed_AS:    7226616 kB
VmallocTotal:   34359738367 kB
VmallocUsed:           0 kB
VmallocChunk:          0 kB
HardwareCorrupted:     0 kB
AnonHugePages:   2260992 kB
CmaTotal:              0 kB
CmaFree:               0 kB
HugePages_Total:       0
HugePages_Free:        0
HugePages_Rsvd:        0
HugePages_Surp:        0
Hugepagesize:       2048 kB
DirectMap4k:       61440 kB
DirectMap2M:     4263936 kB


CPU:total 2 (2 cores per cpu, 1 threads per core) family 6 model 63 stepping 2, cmov, cx8, fxsr, mmx, sse, sse2, sse3, ssse3, sse4.1, sse4.2, popcnt, avx, avx2, aes, clmul, erms, lzcnt, tsc, bmi1, bmi2

/proc/cpuinfo:
processor	: 0
vendor_id	: GenuineIntel
cpu family	: 6
model		: 63
model name	: Intel(R) Xeon(R) CPU E5-2676 v3 @ 2.40GHz
stepping	: 2
microcode	: 0x36
cpu MHz		: 2400.086
cache size	: 30720 KB
physical id	: 0
siblings	: 2
core id		: 0
cpu cores	: 2
apicid		: 0
initial apicid	: 0
fpu		: yes
fpu_exception	: yes
cpuid level	: 13
wp		: yes
flags		: fpu vme de pse tsc msr pae mce cx8 apic sep mtrr pge mca cmov pat pse36 clflush mmx fxsr sse sse2 ht syscall nx rdtscp lm constant_tsc rep_good nopl xtopology eagerfpu pni pclmulqdq ssse3 fma cx16 pcid sse4_1 sse4_2 x2apic movbe popcnt tsc_deadline_timer aes xsave avx f16c rdrand hypervisor lahf_lm abm fsgsbase bmi1 avx2 smep bmi2 erms invpcid xsaveopt
bugs		:
bogomips	: 4800.17
clflush size	: 64
cache_alignment	: 64
address sizes	: 46 bits physical, 48 bits virtual
power management:

processor	: 1
vendor_id	: GenuineIntel
cpu family	: 6
model		: 63
model name	: Intel(R) Xeon(R) CPU E5-2676 v3 @ 2.40GHz
stepping	: 2
microcode	: 0x36
cpu MHz		: 2400.086
cache size	: 30720 KB
physical id	: 0
siblings	: 2
core id		: 1
cpu cores	: 2
apicid		: 2
initial apicid	: 2
fpu		: yes
fpu_exception	: yes
cpuid level	: 13
wp		: yes
flags		: fpu vme de pse tsc msr pae mce cx8 apic sep mtrr pge mca cmov pat pse36 clflush mmx fxsr sse sse2 ht syscall nx rdtscp lm constant_tsc rep_good nopl xtopology eagerfpu pni pclmulqdq ssse3 fma cx16 pcid sse4_1 sse4_2 x2apic movbe popcnt tsc_deadline_timer aes xsave avx f16c rdrand hypervisor lahf_lm abm fsgsbase bmi1 avx2 smep bmi2 erms invpcid xsaveopt
bugs		:
bogomips	: 4800.17
clflush size	: 64
cache_alignment	: 64
address sizes	: 46 bits physical, 48 bits virtual
power management:



Memory: 4k page, physical 4044964k(27072k free), swap 0k(0k free)

vm_info: OpenJDK 64-Bit Server VM (25.121-b13) for linux-amd64 JRE (1.8.0_121-8u121-b13-0ubuntu1.16.04.2-b13), built on Jan 23 2017 15:51:29 by "buildd" with gcc 5.4.0 20160609

time: Mon Feb 13 19:24:30 2017
elapsed time: 14 seconds (0d 0h 0m 14s)

